2023-04-13T05:53:02+00:00 CRITICAL Uncaught Error: Call to a member function get_image() on null in /home/c/cm78278/igor/public_html/wp-content/themes/womazing/woocommerce/content-single-product.php:92
Stack trace:
#0 /home/c/cm78278/igor/public_html/wp-includes/template.php(785): require()
#1 /home/c/cm78278/igor/public_html/wp-content/plugins/woocommerce/includes/wc-core-functions.php(284): load_template('/home/c/cm78278...', false)
#2 /home/c/cm78278/igor/public_html/wp-content/themes/womazing/woocommerce/single-product.php(29): wc_get_template_part('content', 'single-product')
#3 /home/c/cm78278/igor/public_html/wp-includes/template-loader.php(106): include('/home/c/cm78278...')
#4 /home/c/cm78278/igor/public_html/wp-blog-header.php(19): require_once('/home/c/cm78278...')
#5 /home/c/cm78278/igor/public_html/index.php(17): require('/home/c/cm78278...')
#6 {main}
  thrown в /home/c/cm78278/igor/public_html/wp-content/themes/womazing/woocommerce/content-single-product.php на строке 92

2023-04-13T05:53:23+00:00 CRITICAL Uncaught Error: Call to a member function get_image() on null in /home/c/cm78278/igor/public_html/wp-content/themes/womazing/woocommerce/content-single-product.php:92
Stack trace:
#0 /home/c/cm78278/igor/public_html/wp-includes/template.php(785): require()
#1 /home/c/cm78278/igor/public_html/wp-content/plugins/woocommerce/includes/wc-core-functions.php(284): load_template('/home/c/cm78278...', false)
#2 /home/c/cm78278/igor/public_html/wp-content/themes/womazing/woocommerce/single-product.php(29): wc_get_template_part('content', 'single-product')
#3 /home/c/cm78278/igor/public_html/wp-includes/template-loader.php(106): include('/home/c/cm78278...')
#4 /home/c/cm78278/igor/public_html/wp-blog-header.php(19): require_once('/home/c/cm78278...')
#5 /home/c/cm78278/igor/public_html/index.php(17): require('/home/c/cm78278...')
#6 {main}
  thrown в /home/c/cm78278/igor/public_html/wp-content/themes/womazing/woocommerce/content-single-product.php на строке 92

2023-04-13T05:53:53+00:00 CRITICAL Uncaught Error: Call to a member function get_image() on null in /home/c/cm78278/igor/public_html/wp-content/themes/womazing/woocommerce/content-single-product.php:92
Stack trace:
#0 /home/c/cm78278/igor/public_html/wp-includes/template.php(785): require()
#1 /home/c/cm78278/igor/public_html/wp-content/plugins/woocommerce/includes/wc-core-functions.php(284): load_template('/home/c/cm78278...', false)
#2 /home/c/cm78278/igor/public_html/wp-content/themes/womazing/woocommerce/single-product.php(29): wc_get_template_part('content', 'single-product')
#3 /home/c/cm78278/igor/public_html/wp-includes/template-loader.php(106): include('/home/c/cm78278...')
#4 /home/c/cm78278/igor/public_html/wp-blog-header.php(19): require_once('/home/c/cm78278...')
#5 /home/c/cm78278/igor/public_html/index.php(17): require('/home/c/cm78278...')
#6 {main}
  thrown в /home/c/cm78278/igor/public_html/wp-content/themes/womazing/woocommerce/content-single-product.php на строке 92

2023-04-13T05:56:40+00:00 CRITICAL Uncaught Error: Call to a member function get_image() on null in /home/c/cm78278/igor/public_html/wp-content/themes/womazing/woocommerce/content-single-product.php:92
Stack trace:
#0 /home/c/cm78278/igor/public_html/wp-includes/template.php(785): require()
#1 /home/c/cm78278/igor/public_html/wp-content/plugins/woocommerce/includes/wc-core-functions.php(284): load_template('/home/c/cm78278...', false)
#2 /home/c/cm78278/igor/public_html/wp-content/themes/womazing/woocommerce/single-product.php(29): wc_get_template_part('content', 'single-product')
#3 /home/c/cm78278/igor/public_html/wp-includes/template-loader.php(106): include('/home/c/cm78278...')
#4 /home/c/cm78278/igor/public_html/wp-blog-header.php(19): require_once('/home/c/cm78278...')
#5 /home/c/cm78278/igor/public_html/index.php(17): require('/home/c/cm78278...')
#6 {main}
  thrown в /home/c/cm78278/igor/public_html/wp-content/themes/womazing/woocommerce/content-single-product.php на строке 92

2023-04-13T06:05:35+00:00 CRITICAL Uncaught Error: Call to a member function get_image() on null in /home/c/cm78278/igor/public_html/wp-content/themes/womazing/woocommerce/content-single-product.php:91
Stack trace:
#0 /home/c/cm78278/igor/public_html/wp-includes/template.php(785): require()
#1 /home/c/cm78278/igor/public_html/wp-content/plugins/woocommerce/includes/wc-core-functions.php(284): load_template('/home/c/cm78278...', false)
#2 /home/c/cm78278/igor/public_html/wp-content/themes/womazing/woocommerce/single-product.php(29): wc_get_template_part('content', 'single-product')
#3 /home/c/cm78278/igor/public_html/wp-includes/template-loader.php(106): include('/home/c/cm78278...')
#4 /home/c/cm78278/igor/public_html/wp-blog-header.php(19): require_once('/home/c/cm78278...')
#5 /home/c/cm78278/igor/public_html/index.php(17): require('/home/c/cm78278...')
#6 {main}
  thrown в /home/c/cm78278/igor/public_html/wp-content/themes/womazing/woocommerce/content-single-product.php на строке 91

2023-04-13T06:05:39+00:00 CRITICAL Uncaught Error: Call to a member function get_image() on null in /home/c/cm78278/igor/public_html/wp-content/themes/womazing/woocommerce/content-single-product.php:91
Stack trace:
#0 /home/c/cm78278/igor/public_html/wp-includes/template.php(785): require()
#1 /home/c/cm78278/igor/public_html/wp-content/plugins/woocommerce/includes/wc-core-functions.php(284): load_template('/home/c/cm78278...', false)
#2 /home/c/cm78278/igor/public_html/wp-content/themes/womazing/woocommerce/single-product.php(29): wc_get_template_part('content', 'single-product')
#3 /home/c/cm78278/igor/public_html/wp-includes/template-loader.php(106): include('/home/c/cm78278...')
#4 /home/c/cm78278/igor/public_html/wp-blog-header.php(19): require_once('/home/c/cm78278...')
#5 /home/c/cm78278/igor/public_html/index.php(17): require('/home/c/cm78278...')
#6 {main}
  thrown в /home/c/cm78278/igor/public_html/wp-content/themes/womazing/woocommerce/content-single-product.php на строке 91

2023-04-13T08:02:58+00:00 CRITICAL Uncaught Error: Call to a member function get_image() on array in /home/c/cm78278/igor/public_html/wp-content/themes/womazing/woocommerce/single-product/related.php:38
Stack trace:
#0 /home/c/cm78278/igor/public_html/wp-content/plugins/woocommerce/includes/wc-core-functions.php(345): include()
#1 /home/c/cm78278/igor/public_html/wp-content/plugins/woocommerce/includes/wc-template-functions.php(2072): wc_get_template('single-product/...', Array)
#2 /home/c/cm78278/igor/public_html/wp-content/plugins/woocommerce/includes/wc-template-functions.php(2035): woocommerce_related_products(Array)
#3 /home/c/cm78278/igor/public_html/wp-includes/class-wp-hook.php(308): woocommerce_output_related_products('')
#4 /home/c/cm78278/igor/public_html/wp-includes/class-wp-hook.php(332): WP_Hook->apply_filters('', Array)
#5 /home/c/cm78278/igor/public_html/wp-includes/plugin.php(517): WP_Hook->do_action(Array)
#6 /home/c/cm78278/igor/public_html/wp-content/themes/womazing/woocommerce/content-single-product.php(97): do_action('woo в /home/c/cm78278/igor/public_html/wp-content/themes/womazing/woocommerce/single-product/related.php на строке 38

2023-04-13T08:03:09+00:00 CRITICAL Uncaught Error: Call to a member function get_image() on array in /home/c/cm78278/igor/public_html/wp-content/themes/womazing/woocommerce/single-product/related.php:38
Stack trace:
#0 /home/c/cm78278/igor/public_html/wp-content/plugins/woocommerce/includes/wc-core-functions.php(345): include()
#1 /home/c/cm78278/igor/public_html/wp-content/plugins/woocommerce/includes/wc-template-functions.php(2072): wc_get_template('single-product/...', Array)
#2 /home/c/cm78278/igor/public_html/wp-content/plugins/woocommerce/includes/wc-template-functions.php(2035): woocommerce_related_products(Array)
#3 /home/c/cm78278/igor/public_html/wp-includes/class-wp-hook.php(308): woocommerce_output_related_products('')
#4 /home/c/cm78278/igor/public_html/wp-includes/class-wp-hook.php(332): WP_Hook->apply_filters('', Array)
#5 /home/c/cm78278/igor/public_html/wp-includes/plugin.php(517): WP_Hook->do_action(Array)
#6 /home/c/cm78278/igor/public_html/wp-content/themes/womazing/woocommerce/content-single-product.php(97): do_action('woo в /home/c/cm78278/igor/public_html/wp-content/themes/womazing/woocommerce/single-product/related.php на строке 38

2023-04-13T08:04:28+00:00 CRITICAL syntax error, unexpected 'endif' (T_ENDIF) в /home/c/cm78278/igor/public_html/wp-content/themes/womazing/woocommerce/single-product/related.php на строке 70

2023-04-13T09:15:12+00:00 CRITICAL Uncaught Error: Call to undefined method WC_Product_Simple::the_permalink() in /home/c/cm78278/igor/public_html/wp-content/themes/womazing/woocommerce/single-product/related.php:28
Stack trace:
#0 /home/c/cm78278/igor/public_html/wp-content/plugins/woocommerce/includes/wc-core-functions.php(345): include()
#1 /home/c/cm78278/igor/public_html/wp-content/plugins/woocommerce/includes/wc-template-functions.php(2072): wc_get_template('single-product/...', Array)
#2 /home/c/cm78278/igor/public_html/wp-content/plugins/woocommerce/includes/wc-template-functions.php(2035): woocommerce_related_products(Array)
#3 /home/c/cm78278/igor/public_html/wp-includes/class-wp-hook.php(308): woocommerce_output_related_products('')
#4 /home/c/cm78278/igor/public_html/wp-includes/class-wp-hook.php(332): WP_Hook->apply_filters('', Array)
#5 /home/c/cm78278/igor/public_html/wp-includes/plugin.php(517): WP_Hook->do_action(Array)
#6 /home/c/cm78278/igor/public_html/wp-content/themes/womazing/woocommerce/content-single-product.php(99): d в /home/c/cm78278/igor/public_html/wp-content/themes/womazing/woocommerce/single-product/related.php на строке 28

2023-04-13T09:16:13+00:00 CRITICAL Can't use method return value in write context в /home/c/cm78278/igor/public_html/wp-content/themes/womazing/woocommerce/single-product/related.php на строке 38

2023-04-13T09:16:24+00:00 CRITICAL Can't use method return value in write context в /home/c/cm78278/igor/public_html/wp-content/themes/womazing/woocommerce/single-product/related.php на строке 38

2023-04-13T09:16:26+00:00 CRITICAL Can't use method return value in write context в /home/c/cm78278/igor/public_html/wp-content/themes/womazing/woocommerce/single-product/related.php на строке 38

2023-04-13T09:24:49+00:00 CRITICAL Uncaught Error: Call to undefined function get_regular_price() in /home/c/cm78278/igor/public_html/wp-content/themes/womazing/woocommerce/single-product/related.php:38
Stack trace:
#0 /home/c/cm78278/igor/public_html/wp-content/plugins/woocommerce/includes/wc-core-functions.php(345): include()
#1 /home/c/cm78278/igor/public_html/wp-content/plugins/woocommerce/includes/wc-template-functions.php(2072): wc_get_template('single-product/...', Array)
#2 /home/c/cm78278/igor/public_html/wp-content/plugins/woocommerce/includes/wc-template-functions.php(2035): woocommerce_related_products(Array)
#3 /home/c/cm78278/igor/public_html/wp-includes/class-wp-hook.php(308): woocommerce_output_related_products('')
#4 /home/c/cm78278/igor/public_html/wp-includes/class-wp-hook.php(332): WP_Hook->apply_filters('', Array)
#5 /home/c/cm78278/igor/public_html/wp-includes/plugin.php(517): WP_Hook->do_action(Array)
#6 /home/c/cm78278/igor/public_html/wp-content/themes/womazing/woocommerce/content-single-product.php(99): do_action('woo в /home/c/cm78278/igor/public_html/wp-content/themes/womazing/woocommerce/single-product/related.php на строке 38

2023-04-13T09:33:55+00:00 CRITICAL syntax error, unexpected 'if' (T_IF) в /home/c/cm78278/igor/public_html/wp-content/themes/womazing/woocommerce/single-product/related.php на строке 40

2023-04-13T09:46:49+00:00 CRITICAL syntax error, unexpected '}', expecting ';' or ',' в /home/c/cm78278/igor/public_html/wp-content/themes/womazing/woocommerce/single-product/related.php на строке 42

2023-04-13T10:56:04+00:00 CRITICAL Uncaught ArgumentCountError: Too few arguments to function WC_Product::get_attribute(), 0 passed in /home/c/cm78278/igor/public_html/wp-content/themes/womazing/woocommerce/content-single-product.php on line 48 and exactly 1 expected in /home/c/cm78278/igor/public_html/wp-content/plugins/woocommerce/includes/abstracts/abstract-wc-product.php:2004
Stack trace:
#0 /home/c/cm78278/igor/public_html/wp-content/themes/womazing/woocommerce/content-single-product.php(48): WC_Product->get_attribute()
#1 /home/c/cm78278/igor/public_html/wp-includes/template.php(785): require('/home/c/cm78278...')
#2 /home/c/cm78278/igor/public_html/wp-content/plugins/woocommerce/includes/wc-core-functions.php(284): load_template('/home/c/cm78278...', false)
#3 /home/c/cm78278/igor/public_html/wp-content/themes/womazing/woocommerce/single-product.php(29): wc_get_template_part('content', 'single-product')
#4 /home/c/cm78278/igor/public_html/wp-includes/template-loader.php(106): include('/home/c/cm78278...')
#5 /home/c/cm78278/igor/public_ в /home/c/cm78278/igor/public_html/wp-content/plugins/woocommerce/includes/abstracts/abstract-wc-product.php на строке 2004

2023-04-13T10:56:04+00:00 CRITICAL Uncaught ArgumentCountError: Too few arguments to function WC_Product::get_attribute(), 0 passed in /home/c/cm78278/igor/public_html/wp-content/themes/womazing/woocommerce/content-single-product.php on line 48 and exactly 1 expected in /home/c/cm78278/igor/public_html/wp-content/plugins/woocommerce/includes/abstracts/abstract-wc-product.php:2004
Stack trace:
#0 /home/c/cm78278/igor/public_html/wp-content/themes/womazing/woocommerce/content-single-product.php(48): WC_Product->get_attribute()
#1 /home/c/cm78278/igor/public_html/wp-includes/template.php(785): require('/home/c/cm78278...')
#2 /home/c/cm78278/igor/public_html/wp-content/plugins/woocommerce/includes/wc-core-functions.php(284): load_template('/home/c/cm78278...', false)
#3 /home/c/cm78278/igor/public_html/wp-content/themes/womazing/woocommerce/single-product.php(29): wc_get_template_part('content', 'single-product')
#4 /home/c/cm78278/igor/public_html/wp-includes/template-loader.php(106): include('/home/c/cm78278...')
#5 /home/c/cm78278/igor/public_ в /home/c/cm78278/igor/public_html/wp-content/plugins/woocommerce/includes/abstracts/abstract-wc-product.php на строке 2004

2023-04-13T10:56:07+00:00 CRITICAL Uncaught ArgumentCountError: Too few arguments to function WC_Product::get_attribute(), 0 passed in /home/c/cm78278/igor/public_html/wp-content/themes/womazing/woocommerce/content-single-product.php on line 48 and exactly 1 expected in /home/c/cm78278/igor/public_html/wp-content/plugins/woocommerce/includes/abstracts/abstract-wc-product.php:2004
Stack trace:
#0 /home/c/cm78278/igor/public_html/wp-content/themes/womazing/woocommerce/content-single-product.php(48): WC_Product->get_attribute()
#1 /home/c/cm78278/igor/public_html/wp-includes/template.php(785): require('/home/c/cm78278...')
#2 /home/c/cm78278/igor/public_html/wp-content/plugins/woocommerce/includes/wc-core-functions.php(284): load_template('/home/c/cm78278...', false)
#3 /home/c/cm78278/igor/public_html/wp-content/themes/womazing/woocommerce/single-product.php(29): wc_get_template_part('content', 'single-product')
#4 /home/c/cm78278/igor/public_html/wp-includes/template-loader.php(106): include('/home/c/cm78278...')
#5 /home/c/cm78278/igor/public_ в /home/c/cm78278/igor/public_html/wp-content/plugins/woocommerce/includes/abstracts/abstract-wc-product.php на строке 2004

2023-04-13T10:56:10+00:00 CRITICAL Uncaught ArgumentCountError: Too few arguments to function WC_Product::get_attribute(), 0 passed in /home/c/cm78278/igor/public_html/wp-content/themes/womazing/woocommerce/content-single-product.php on line 48 and exactly 1 expected in /home/c/cm78278/igor/public_html/wp-content/plugins/woocommerce/includes/abstracts/abstract-wc-product.php:2004
Stack trace:
#0 /home/c/cm78278/igor/public_html/wp-content/themes/womazing/woocommerce/content-single-product.php(48): WC_Product->get_attribute()
#1 /home/c/cm78278/igor/public_html/wp-includes/template.php(785): require('/home/c/cm78278...')
#2 /home/c/cm78278/igor/public_html/wp-content/plugins/woocommerce/includes/wc-core-functions.php(284): load_template('/home/c/cm78278...', false)
#3 /home/c/cm78278/igor/public_html/wp-content/themes/womazing/woocommerce/single-product.php(29): wc_get_template_part('content', 'single-product')
#4 /home/c/cm78278/igor/public_html/wp-includes/template-loader.php(106): include('/home/c/cm78278...')
#5 /home/c/cm78278/igor/public_ в /home/c/cm78278/igor/public_html/wp-content/plugins/woocommerce/includes/abstracts/abstract-wc-product.php на строке 2004

2023-04-13T10:56:13+00:00 CRITICAL Uncaught ArgumentCountError: Too few arguments to function WC_Product::get_attribute(), 0 passed in /home/c/cm78278/igor/public_html/wp-content/themes/womazing/woocommerce/content-single-product.php on line 48 and exactly 1 expected in /home/c/cm78278/igor/public_html/wp-content/plugins/woocommerce/includes/abstracts/abstract-wc-product.php:2004
Stack trace:
#0 /home/c/cm78278/igor/public_html/wp-content/themes/womazing/woocommerce/content-single-product.php(48): WC_Product->get_attribute()
#1 /home/c/cm78278/igor/public_html/wp-includes/template.php(785): require('/home/c/cm78278...')
#2 /home/c/cm78278/igor/public_html/wp-content/plugins/woocommerce/includes/wc-core-functions.php(284): load_template('/home/c/cm78278...', false)
#3 /home/c/cm78278/igor/public_html/wp-content/themes/womazing/woocommerce/single-product.php(29): wc_get_template_part('content', 'single-product')
#4 /home/c/cm78278/igor/public_html/wp-includes/template-loader.php(106): include('/home/c/cm78278...')
#5 /home/c/cm78278/igor/public_ в /home/c/cm78278/igor/public_html/wp-content/plugins/woocommerce/includes/abstracts/abstract-wc-product.php на строке 2004

2023-04-13T10:56:15+00:00 CRITICAL Uncaught ArgumentCountError: Too few arguments to function WC_Product::get_attribute(), 0 passed in /home/c/cm78278/igor/public_html/wp-content/themes/womazing/woocommerce/content-single-product.php on line 48 and exactly 1 expected in /home/c/cm78278/igor/public_html/wp-content/plugins/woocommerce/includes/abstracts/abstract-wc-product.php:2004
Stack trace:
#0 /home/c/cm78278/igor/public_html/wp-content/themes/womazing/woocommerce/content-single-product.php(48): WC_Product->get_attribute()
#1 /home/c/cm78278/igor/public_html/wp-includes/template.php(785): require('/home/c/cm78278...')
#2 /home/c/cm78278/igor/public_html/wp-content/plugins/woocommerce/includes/wc-core-functions.php(284): load_template('/home/c/cm78278...', false)
#3 /home/c/cm78278/igor/public_html/wp-content/themes/womazing/woocommerce/single-product.php(29): wc_get_template_part('content', 'single-product')
#4 /home/c/cm78278/igor/public_html/wp-includes/template-loader.php(106): include('/home/c/cm78278...')
#5 /home/c/cm78278/igor/public_ в /home/c/cm78278/igor/public_html/wp-content/plugins/woocommerce/includes/abstracts/abstract-wc-product.php на строке 2004

2023-04-13T10:56:17+00:00 CRITICAL Uncaught ArgumentCountError: Too few arguments to function WC_Product::get_attribute(), 0 passed in /home/c/cm78278/igor/public_html/wp-content/themes/womazing/woocommerce/content-single-product.php on line 48 and exactly 1 expected in /home/c/cm78278/igor/public_html/wp-content/plugins/woocommerce/includes/abstracts/abstract-wc-product.php:2004
Stack trace:
#0 /home/c/cm78278/igor/public_html/wp-content/themes/womazing/woocommerce/content-single-product.php(48): WC_Product->get_attribute()
#1 /home/c/cm78278/igor/public_html/wp-includes/template.php(785): require('/home/c/cm78278...')
#2 /home/c/cm78278/igor/public_html/wp-content/plugins/woocommerce/includes/wc-core-functions.php(284): load_template('/home/c/cm78278...', false)
#3 /home/c/cm78278/igor/public_html/wp-content/themes/womazing/woocommerce/single-product.php(29): wc_get_template_part('content', 'single-product')
#4 /home/c/cm78278/igor/public_html/wp-includes/template-loader.php(106): include('/home/c/cm78278...')
#5 /home/c/cm78278/igor/public_ в /home/c/cm78278/igor/public_html/wp-content/plugins/woocommerce/includes/abstracts/abstract-wc-product.php на строке 2004

2023-04-13T10:56:20+00:00 CRITICAL Uncaught ArgumentCountError: Too few arguments to function WC_Product::get_attribute(), 0 passed in /home/c/cm78278/igor/public_html/wp-content/themes/womazing/woocommerce/content-single-product.php on line 48 and exactly 1 expected in /home/c/cm78278/igor/public_html/wp-content/plugins/woocommerce/includes/abstracts/abstract-wc-product.php:2004
Stack trace:
#0 /home/c/cm78278/igor/public_html/wp-content/themes/womazing/woocommerce/content-single-product.php(48): WC_Product->get_attribute()
#1 /home/c/cm78278/igor/public_html/wp-includes/template.php(785): require('/home/c/cm78278...')
#2 /home/c/cm78278/igor/public_html/wp-content/plugins/woocommerce/includes/wc-core-functions.php(284): load_template('/home/c/cm78278...', false)
#3 /home/c/cm78278/igor/public_html/wp-content/themes/womazing/woocommerce/single-product.php(29): wc_get_template_part('content', 'single-product')
#4 /home/c/cm78278/igor/public_html/wp-includes/template-loader.php(106): include('/home/c/cm78278...')
#5 /home/c/cm78278/igor/public_ в /home/c/cm78278/igor/public_html/wp-content/plugins/woocommerce/includes/abstracts/abstract-wc-product.php на строке 2004

2023-04-13T10:56:27+00:00 CRITICAL Uncaught ArgumentCountError: Too few arguments to function WC_Product::get_attribute(), 0 passed in /home/c/cm78278/igor/public_html/wp-content/themes/womazing/woocommerce/content-single-product.php on line 48 and exactly 1 expected in /home/c/cm78278/igor/public_html/wp-content/plugins/woocommerce/includes/abstracts/abstract-wc-product.php:2004
Stack trace:
#0 /home/c/cm78278/igor/public_html/wp-content/themes/womazing/woocommerce/content-single-product.php(48): WC_Product->get_attribute()
#1 /home/c/cm78278/igor/public_html/wp-includes/template.php(785): require('/home/c/cm78278...')
#2 /home/c/cm78278/igor/public_html/wp-content/plugins/woocommerce/includes/wc-core-functions.php(284): load_template('/home/c/cm78278...', false)
#3 /home/c/cm78278/igor/public_html/wp-content/themes/womazing/woocommerce/single-product.php(29): wc_get_template_part('content', 'single-product')
#4 /home/c/cm78278/igor/public_html/wp-includes/template-loader.php(106): include('/home/c/cm78278...')
#5 /home/c/cm78278/igor/public_ в /home/c/cm78278/igor/public_html/wp-content/plugins/woocommerce/includes/abstracts/abstract-wc-product.php на строке 2004

2023-04-13T10:56:36+00:00 CRITICAL Uncaught ArgumentCountError: Too few arguments to function WC_Product::get_attribute(), 0 passed in /home/c/cm78278/igor/public_html/wp-content/themes/womazing/woocommerce/content-single-product.php on line 48 and exactly 1 expected in /home/c/cm78278/igor/public_html/wp-content/plugins/woocommerce/includes/abstracts/abstract-wc-product.php:2004
Stack trace:
#0 /home/c/cm78278/igor/public_html/wp-content/themes/womazing/woocommerce/content-single-product.php(48): WC_Product->get_attribute()
#1 /home/c/cm78278/igor/public_html/wp-includes/template.php(785): require('/home/c/cm78278...')
#2 /home/c/cm78278/igor/public_html/wp-content/plugins/woocommerce/includes/wc-core-functions.php(284): load_template('/home/c/cm78278...', false)
#3 /home/c/cm78278/igor/public_html/wp-content/themes/womazing/woocommerce/single-product.php(29): wc_get_template_part('content', 'single-product')
#4 /home/c/cm78278/igor/public_html/wp-includes/template-loader.php(106): include('/home/c/cm78278...')
#5 /home/c/cm78278/igor/public_ в /home/c/cm78278/igor/public_html/wp-content/plugins/woocommerce/includes/abstracts/abstract-wc-product.php на строке 2004

2023-04-13T10:56:38+00:00 CRITICAL Uncaught ArgumentCountError: Too few arguments to function WC_Product::get_attribute(), 0 passed in /home/c/cm78278/igor/public_html/wp-content/themes/womazing/woocommerce/content-single-product.php on line 48 and exactly 1 expected in /home/c/cm78278/igor/public_html/wp-content/plugins/woocommerce/includes/abstracts/abstract-wc-product.php:2004
Stack trace:
#0 /home/c/cm78278/igor/public_html/wp-content/themes/womazing/woocommerce/content-single-product.php(48): WC_Product->get_attribute()
#1 /home/c/cm78278/igor/public_html/wp-includes/template.php(785): require('/home/c/cm78278...')
#2 /home/c/cm78278/igor/public_html/wp-content/plugins/woocommerce/includes/wc-core-functions.php(284): load_template('/home/c/cm78278...', false)
#3 /home/c/cm78278/igor/public_html/wp-content/themes/womazing/woocommerce/single-product.php(29): wc_get_template_part('content', 'single-product')
#4 /home/c/cm78278/igor/public_html/wp-includes/template-loader.php(106): include('/home/c/cm78278...')
#5 /home/c/cm78278/igor/public_ в /home/c/cm78278/igor/public_html/wp-content/plugins/woocommerce/includes/abstracts/abstract-wc-product.php на строке 2004

2023-04-13T10:56:54+00:00 CRITICAL Uncaught ArgumentCountError: Too few arguments to function WC_Product::get_attribute(), 0 passed in /home/c/cm78278/igor/public_html/wp-content/themes/womazing/woocommerce/content-single-product.php on line 48 and exactly 1 expected in /home/c/cm78278/igor/public_html/wp-content/plugins/woocommerce/includes/abstracts/abstract-wc-product.php:2004
Stack trace:
#0 /home/c/cm78278/igor/public_html/wp-content/themes/womazing/woocommerce/content-single-product.php(48): WC_Product->get_attribute()
#1 /home/c/cm78278/igor/public_html/wp-includes/template.php(785): require('/home/c/cm78278...')
#2 /home/c/cm78278/igor/public_html/wp-content/plugins/woocommerce/includes/wc-core-functions.php(284): load_template('/home/c/cm78278...', false)
#3 /home/c/cm78278/igor/public_html/wp-content/themes/womazing/woocommerce/single-product.php(29): wc_get_template_part('content', 'single-product')
#4 /home/c/cm78278/igor/public_html/wp-includes/template-loader.php(106): include('/home/c/cm78278...')
#5 /home/c/cm78278/igor/public_ в /home/c/cm78278/igor/public_html/wp-content/plugins/woocommerce/includes/abstracts/abstract-wc-product.php на строке 2004

2023-04-13T10:56:57+00:00 CRITICAL Uncaught ArgumentCountError: Too few arguments to function WC_Product::get_attribute(), 0 passed in /home/c/cm78278/igor/public_html/wp-content/themes/womazing/woocommerce/content-single-product.php on line 48 and exactly 1 expected in /home/c/cm78278/igor/public_html/wp-content/plugins/woocommerce/includes/abstracts/abstract-wc-product.php:2004
Stack trace:
#0 /home/c/cm78278/igor/public_html/wp-content/themes/womazing/woocommerce/content-single-product.php(48): WC_Product->get_attribute()
#1 /home/c/cm78278/igor/public_html/wp-includes/template.php(785): require('/home/c/cm78278...')
#2 /home/c/cm78278/igor/public_html/wp-content/plugins/woocommerce/includes/wc-core-functions.php(284): load_template('/home/c/cm78278...', false)
#3 /home/c/cm78278/igor/public_html/wp-content/themes/womazing/woocommerce/single-product.php(29): wc_get_template_part('content', 'single-product')
#4 /home/c/cm78278/igor/public_html/wp-includes/template-loader.php(106): include('/home/c/cm78278...')
#5 /home/c/cm78278/igor/public_ в /home/c/cm78278/igor/public_html/wp-content/plugins/woocommerce/includes/abstracts/abstract-wc-product.php на строке 2004

2023-04-13T10:57:23+00:00 CRITICAL Uncaught ArgumentCountError: Too few arguments to function WC_Product::get_attribute(), 0 passed in /home/c/cm78278/igor/public_html/wp-content/themes/womazing/woocommerce/content-single-product.php on line 48 and exactly 1 expected in /home/c/cm78278/igor/public_html/wp-content/plugins/woocommerce/includes/abstracts/abstract-wc-product.php:2004
Stack trace:
#0 /home/c/cm78278/igor/public_html/wp-content/themes/womazing/woocommerce/content-single-product.php(48): WC_Product->get_attribute()
#1 /home/c/cm78278/igor/public_html/wp-includes/template.php(785): require('/home/c/cm78278...')
#2 /home/c/cm78278/igor/public_html/wp-content/plugins/woocommerce/includes/wc-core-functions.php(284): load_template('/home/c/cm78278...', false)
#3 /home/c/cm78278/igor/public_html/wp-content/themes/womazing/woocommerce/single-product.php(29): wc_get_template_part('content', 'single-product')
#4 /home/c/cm78278/igor/public_html/wp-includes/template-loader.php(106): include('/home/c/cm78278...')
#5 /home/c/cm78278/igor/public_ в /home/c/cm78278/igor/public_html/wp-content/plugins/woocommerce/includes/abstracts/abstract-wc-product.php на строке 2004

2023-04-13T10:57:24+00:00 CRITICAL Uncaught ArgumentCountError: Too few arguments to function WC_Product::get_attribute(), 0 passed in /home/c/cm78278/igor/public_html/wp-content/themes/womazing/woocommerce/content-single-product.php on line 48 and exactly 1 expected in /home/c/cm78278/igor/public_html/wp-content/plugins/woocommerce/includes/abstracts/abstract-wc-product.php:2004
Stack trace:
#0 /home/c/cm78278/igor/public_html/wp-content/themes/womazing/woocommerce/content-single-product.php(48): WC_Product->get_attribute()
#1 /home/c/cm78278/igor/public_html/wp-includes/template.php(785): require('/home/c/cm78278...')
#2 /home/c/cm78278/igor/public_html/wp-content/plugins/woocommerce/includes/wc-core-functions.php(284): load_template('/home/c/cm78278...', false)
#3 /home/c/cm78278/igor/public_html/wp-content/themes/womazing/woocommerce/single-product.php(29): wc_get_template_part('content', 'single-product')
#4 /home/c/cm78278/igor/public_html/wp-includes/template-loader.php(106): include('/home/c/cm78278...')
#5 /home/c/cm78278/igor/public_ в /home/c/cm78278/igor/public_html/wp-content/plugins/woocommerce/includes/abstracts/abstract-wc-product.php на строке 2004

2023-04-13T10:57:24+00:00 CRITICAL Uncaught ArgumentCountError: Too few arguments to function WC_Product::get_attribute(), 0 passed in /home/c/cm78278/igor/public_html/wp-content/themes/womazing/woocommerce/content-single-product.php on line 48 and exactly 1 expected in /home/c/cm78278/igor/public_html/wp-content/plugins/woocommerce/includes/abstracts/abstract-wc-product.php:2004
Stack trace:
#0 /home/c/cm78278/igor/public_html/wp-content/themes/womazing/woocommerce/content-single-product.php(48): WC_Product->get_attribute()
#1 /home/c/cm78278/igor/public_html/wp-includes/template.php(785): require('/home/c/cm78278...')
#2 /home/c/cm78278/igor/public_html/wp-content/plugins/woocommerce/includes/wc-core-functions.php(284): load_template('/home/c/cm78278...', false)
#3 /home/c/cm78278/igor/public_html/wp-content/themes/womazing/woocommerce/single-product.php(29): wc_get_template_part('content', 'single-product')
#4 /home/c/cm78278/igor/public_html/wp-includes/template-loader.php(106): include('/home/c/cm78278...')
#5 /home/c/cm78278/igor/public_ в /home/c/cm78278/igor/public_html/wp-content/plugins/woocommerce/includes/abstracts/abstract-wc-product.php на строке 2004

2023-04-13T10:57:29+00:00 CRITICAL Uncaught ArgumentCountError: Too few arguments to function WC_Product::get_attribute(), 0 passed in /home/c/cm78278/igor/public_html/wp-content/themes/womazing/woocommerce/content-single-product.php on line 48 and exactly 1 expected in /home/c/cm78278/igor/public_html/wp-content/plugins/woocommerce/includes/abstracts/abstract-wc-product.php:2004
Stack trace:
#0 /home/c/cm78278/igor/public_html/wp-content/themes/womazing/woocommerce/content-single-product.php(48): WC_Product->get_attribute()
#1 /home/c/cm78278/igor/public_html/wp-includes/template.php(785): require('/home/c/cm78278...')
#2 /home/c/cm78278/igor/public_html/wp-content/plugins/woocommerce/includes/wc-core-functions.php(284): load_template('/home/c/cm78278...', false)
#3 /home/c/cm78278/igor/public_html/wp-content/themes/womazing/woocommerce/single-product.php(29): wc_get_template_part('content', 'single-product')
#4 /home/c/cm78278/igor/public_html/wp-includes/template-loader.php(106): include('/home/c/cm78278...')
#5 /home/c/cm78278/igor/public_ в /home/c/cm78278/igor/public_html/wp-content/plugins/woocommerce/includes/abstracts/abstract-wc-product.php на строке 2004

2023-04-13T10:57:52+00:00 CRITICAL Uncaught ArgumentCountError: Too few arguments to function WC_Product::get_attribute(), 0 passed in /home/c/cm78278/igor/public_html/wp-content/themes/womazing/woocommerce/content-single-product.php on line 48 and exactly 1 expected in /home/c/cm78278/igor/public_html/wp-content/plugins/woocommerce/includes/abstracts/abstract-wc-product.php:2004
Stack trace:
#0 /home/c/cm78278/igor/public_html/wp-content/themes/womazing/woocommerce/content-single-product.php(48): WC_Product->get_attribute()
#1 /home/c/cm78278/igor/public_html/wp-includes/template.php(785): require('/home/c/cm78278...')
#2 /home/c/cm78278/igor/public_html/wp-content/plugins/woocommerce/includes/wc-core-functions.php(284): load_template('/home/c/cm78278...', false)
#3 /home/c/cm78278/igor/public_html/wp-content/themes/womazing/woocommerce/single-product.php(29): wc_get_template_part('content', 'single-product')
#4 /home/c/cm78278/igor/public_html/wp-includes/template-loader.php(106): include('/home/c/cm78278...')
#5 /home/c/cm78278/igor/public_ в /home/c/cm78278/igor/public_html/wp-content/plugins/woocommerce/includes/abstracts/abstract-wc-product.php на строке 2004

2023-04-13T10:58:19+00:00 CRITICAL Uncaught ArgumentCountError: Too few arguments to function WC_Product::get_attribute(), 0 passed in /home/c/cm78278/igor/public_html/wp-content/themes/womazing/woocommerce/content-single-product.php on line 48 and exactly 1 expected in /home/c/cm78278/igor/public_html/wp-content/plugins/woocommerce/includes/abstracts/abstract-wc-product.php:2004
Stack trace:
#0 /home/c/cm78278/igor/public_html/wp-content/themes/womazing/woocommerce/content-single-product.php(48): WC_Product->get_attribute()
#1 /home/c/cm78278/igor/public_html/wp-includes/template.php(785): require('/home/c/cm78278...')
#2 /home/c/cm78278/igor/public_html/wp-content/plugins/woocommerce/includes/wc-core-functions.php(284): load_template('/home/c/cm78278...', false)
#3 /home/c/cm78278/igor/public_html/wp-content/themes/womazing/woocommerce/single-product.php(29): wc_get_template_part('content', 'single-product')
#4 /home/c/cm78278/igor/public_html/wp-includes/template-loader.php(106): include('/home/c/cm78278...')
#5 /home/c/cm78278/igor/public_ в /home/c/cm78278/igor/public_html/wp-content/plugins/woocommerce/includes/abstracts/abstract-wc-product.php на строке 2004

2023-04-13T10:58:21+00:00 CRITICAL Uncaught ArgumentCountError: Too few arguments to function WC_Product::get_attribute(), 0 passed in /home/c/cm78278/igor/public_html/wp-content/themes/womazing/woocommerce/content-single-product.php on line 48 and exactly 1 expected in /home/c/cm78278/igor/public_html/wp-content/plugins/woocommerce/includes/abstracts/abstract-wc-product.php:2004
Stack trace:
#0 /home/c/cm78278/igor/public_html/wp-content/themes/womazing/woocommerce/content-single-product.php(48): WC_Product->get_attribute()
#1 /home/c/cm78278/igor/public_html/wp-includes/template.php(785): require('/home/c/cm78278...')
#2 /home/c/cm78278/igor/public_html/wp-content/plugins/woocommerce/includes/wc-core-functions.php(284): load_template('/home/c/cm78278...', false)
#3 /home/c/cm78278/igor/public_html/wp-content/themes/womazing/woocommerce/single-product.php(29): wc_get_template_part('content', 'single-product')
#4 /home/c/cm78278/igor/public_html/wp-includes/template-loader.php(106): include('/home/c/cm78278...')
#5 /home/c/cm78278/igor/public_ в /home/c/cm78278/igor/public_html/wp-content/plugins/woocommerce/includes/abstracts/abstract-wc-product.php на строке 2004

2023-04-13T10:58:23+00:00 CRITICAL Uncaught ArgumentCountError: Too few arguments to function WC_Product::get_attribute(), 0 passed in /home/c/cm78278/igor/public_html/wp-content/themes/womazing/woocommerce/content-single-product.php on line 48 and exactly 1 expected in /home/c/cm78278/igor/public_html/wp-content/plugins/woocommerce/includes/abstracts/abstract-wc-product.php:2004
Stack trace:
#0 /home/c/cm78278/igor/public_html/wp-content/themes/womazing/woocommerce/content-single-product.php(48): WC_Product->get_attribute()
#1 /home/c/cm78278/igor/public_html/wp-includes/template.php(785): require('/home/c/cm78278...')
#2 /home/c/cm78278/igor/public_html/wp-content/plugins/woocommerce/includes/wc-core-functions.php(284): load_template('/home/c/cm78278...', false)
#3 /home/c/cm78278/igor/public_html/wp-content/themes/womazing/woocommerce/single-product.php(29): wc_get_template_part('content', 'single-product')
#4 /home/c/cm78278/igor/public_html/wp-includes/template-loader.php(106): include('/home/c/cm78278...')
#5 /home/c/cm78278/igor/public_ в /home/c/cm78278/igor/public_html/wp-content/plugins/woocommerce/includes/abstracts/abstract-wc-product.php на строке 2004

2023-04-13T10:58:25+00:00 CRITICAL Uncaught ArgumentCountError: Too few arguments to function WC_Product::get_attribute(), 0 passed in /home/c/cm78278/igor/public_html/wp-content/themes/womazing/woocommerce/content-single-product.php on line 48 and exactly 1 expected in /home/c/cm78278/igor/public_html/wp-content/plugins/woocommerce/includes/abstracts/abstract-wc-product.php:2004
Stack trace:
#0 /home/c/cm78278/igor/public_html/wp-content/themes/womazing/woocommerce/content-single-product.php(48): WC_Product->get_attribute()
#1 /home/c/cm78278/igor/public_html/wp-includes/template.php(785): require('/home/c/cm78278...')
#2 /home/c/cm78278/igor/public_html/wp-content/plugins/woocommerce/includes/wc-core-functions.php(284): load_template('/home/c/cm78278...', false)
#3 /home/c/cm78278/igor/public_html/wp-content/themes/womazing/woocommerce/single-product.php(29): wc_get_template_part('content', 'single-product')
#4 /home/c/cm78278/igor/public_html/wp-includes/template-loader.php(106): include('/home/c/cm78278...')
#5 /home/c/cm78278/igor/public_ в /home/c/cm78278/igor/public_html/wp-content/plugins/woocommerce/includes/abstracts/abstract-wc-product.php на строке 2004

2023-04-13T10:58:28+00:00 CRITICAL Uncaught ArgumentCountError: Too few arguments to function WC_Product::get_attribute(), 0 passed in /home/c/cm78278/igor/public_html/wp-content/themes/womazing/woocommerce/content-single-product.php on line 48 and exactly 1 expected in /home/c/cm78278/igor/public_html/wp-content/plugins/woocommerce/includes/abstracts/abstract-wc-product.php:2004
Stack trace:
#0 /home/c/cm78278/igor/public_html/wp-content/themes/womazing/woocommerce/content-single-product.php(48): WC_Product->get_attribute()
#1 /home/c/cm78278/igor/public_html/wp-includes/template.php(785): require('/home/c/cm78278...')
#2 /home/c/cm78278/igor/public_html/wp-content/plugins/woocommerce/includes/wc-core-functions.php(284): load_template('/home/c/cm78278...', false)
#3 /home/c/cm78278/igor/public_html/wp-content/themes/womazing/woocommerce/single-product.php(29): wc_get_template_part('content', 'single-product')
#4 /home/c/cm78278/igor/public_html/wp-includes/template-loader.php(106): include('/home/c/cm78278...')
#5 /home/c/cm78278/igor/public_ в /home/c/cm78278/igor/public_html/wp-content/plugins/woocommerce/includes/abstracts/abstract-wc-product.php на строке 2004

2023-04-13T10:59:50+00:00 CRITICAL Uncaught ArgumentCountError: Too few arguments to function WC_Product::get_attribute(), 0 passed in /home/c/cm78278/igor/public_html/wp-content/themes/womazing/woocommerce/content-single-product.php on line 48 and exactly 1 expected in /home/c/cm78278/igor/public_html/wp-content/plugins/woocommerce/includes/abstracts/abstract-wc-product.php:2004
Stack trace:
#0 /home/c/cm78278/igor/public_html/wp-content/themes/womazing/woocommerce/content-single-product.php(48): WC_Product->get_attribute()
#1 /home/c/cm78278/igor/public_html/wp-includes/template.php(785): require('/home/c/cm78278...')
#2 /home/c/cm78278/igor/public_html/wp-content/plugins/woocommerce/includes/wc-core-functions.php(284): load_template('/home/c/cm78278...', false)
#3 /home/c/cm78278/igor/public_html/wp-content/themes/womazing/woocommerce/single-product.php(29): wc_get_template_part('content', 'single-product')
#4 /home/c/cm78278/igor/public_html/wp-includes/template-loader.php(106): include('/home/c/cm78278...')
#5 /home/c/cm78278/igor/public_ в /home/c/cm78278/igor/public_html/wp-content/plugins/woocommerce/includes/abstracts/abstract-wc-product.php на строке 2004

