2023-04-27T06:30:27+00:00 CRITICAL Uncaught Error: Call to undefined method WC_Product_Simple::get_variation_regular_price() in /home/c/cm78278/igor/public_html/wp-content/themes/womazing/woocommerce/archive-product.php:71
Stack trace:
#0 /home/c/cm78278/igor/public_html/wp-includes/template-loader.php(106): include()
#1 /home/c/cm78278/igor/public_html/wp-blog-header.php(19): require_once('/home/c/cm78278...')
#2 /home/c/cm78278/igor/public_html/index.php(17): require('/home/c/cm78278...')
#3 {main}
  thrown в /home/c/cm78278/igor/public_html/wp-content/themes/womazing/woocommerce/archive-product.php на строке 71

2023-04-27T06:30:38+00:00 CRITICAL Uncaught Error: Call to undefined method WC_Product_Simple::get_variation_regular_price() in /home/c/cm78278/igor/public_html/wp-content/themes/womazing/woocommerce/archive-product.php:71
Stack trace:
#0 /home/c/cm78278/igor/public_html/wp-includes/template-loader.php(106): include()
#1 /home/c/cm78278/igor/public_html/wp-blog-header.php(19): require_once('/home/c/cm78278...')
#2 /home/c/cm78278/igor/public_html/index.php(17): require('/home/c/cm78278...')
#3 {main}
  thrown в /home/c/cm78278/igor/public_html/wp-content/themes/womazing/woocommerce/archive-product.php на строке 71

2023-04-27T06:31:01+00:00 CRITICAL Uncaught Error: Call to undefined method WC_Product_Simple::get_variation_regular_price() in /home/c/cm78278/igor/public_html/wp-content/themes/womazing/woocommerce/archive-product.php:71
Stack trace:
#0 /home/c/cm78278/igor/public_html/wp-includes/template-loader.php(106): include()
#1 /home/c/cm78278/igor/public_html/wp-blog-header.php(19): require_once('/home/c/cm78278...')
#2 /home/c/cm78278/igor/public_html/index.php(17): require('/home/c/cm78278...')
#3 {main}
  thrown в /home/c/cm78278/igor/public_html/wp-content/themes/womazing/woocommerce/archive-product.php на строке 71

2023-04-27T06:31:07+00:00 CRITICAL Uncaught Error: Call to undefined method WC_Product_Simple::get_variation_regular_price() in /home/c/cm78278/igor/public_html/wp-content/themes/womazing/woocommerce/archive-product.php:71
Stack trace:
#0 /home/c/cm78278/igor/public_html/wp-includes/template-loader.php(106): include()
#1 /home/c/cm78278/igor/public_html/wp-blog-header.php(19): require_once('/home/c/cm78278...')
#2 /home/c/cm78278/igor/public_html/index.php(17): require('/home/c/cm78278...')
#3 {main}
  thrown в /home/c/cm78278/igor/public_html/wp-content/themes/womazing/woocommerce/archive-product.php на строке 71

2023-04-27T06:31:15+00:00 CRITICAL Uncaught Error: Call to undefined method WC_Product_Simple::get_variation_regular_price() in /home/c/cm78278/igor/public_html/wp-content/themes/womazing/woocommerce/archive-product.php:71
Stack trace:
#0 /home/c/cm78278/igor/public_html/wp-includes/template-loader.php(106): include()
#1 /home/c/cm78278/igor/public_html/wp-blog-header.php(19): require_once('/home/c/cm78278...')
#2 /home/c/cm78278/igor/public_html/index.php(17): require('/home/c/cm78278...')
#3 {main}
  thrown в /home/c/cm78278/igor/public_html/wp-content/themes/womazing/woocommerce/archive-product.php на строке 71

2023-04-27T06:41:36+00:00 CRITICAL Uncaught Error: Call to undefined method WC_Product_Simple::get_variation_regular_price() in /home/c/cm78278/igor/public_html/wp-content/themes/womazing/woocommerce/archive-product.php:75
Stack trace:
#0 /home/c/cm78278/igor/public_html/wp-includes/template-loader.php(106): include()
#1 /home/c/cm78278/igor/public_html/wp-blog-header.php(19): require_once('/home/c/cm78278...')
#2 /home/c/cm78278/igor/public_html/index.php(17): require('/home/c/cm78278...')
#3 {main}
  thrown в /home/c/cm78278/igor/public_html/wp-content/themes/womazing/woocommerce/archive-product.php на строке 75

2023-04-27T06:43:01+00:00 CRITICAL Uncaught Error: Call to undefined method WC_Product_Simple::get_variation_regular_price() in /home/c/cm78278/igor/public_html/wp-content/themes/womazing/woocommerce/archive-product.php:75
Stack trace:
#0 /home/c/cm78278/igor/public_html/wp-includes/template-loader.php(106): include()
#1 /home/c/cm78278/igor/public_html/wp-blog-header.php(19): require_once('/home/c/cm78278...')
#2 /home/c/cm78278/igor/public_html/index.php(17): require('/home/c/cm78278...')
#3 {main}
  thrown в /home/c/cm78278/igor/public_html/wp-content/themes/womazing/woocommerce/archive-product.php на строке 75

2023-04-27T06:45:22+00:00 CRITICAL Uncaught Error: Call to undefined method WC_Product_Simple::get_variation_regular_price() in /home/c/cm78278/igor/public_html/wp-content/themes/womazing/woocommerce/archive-product.php:75
Stack trace:
#0 /home/c/cm78278/igor/public_html/wp-includes/template-loader.php(106): include()
#1 /home/c/cm78278/igor/public_html/wp-blog-header.php(19): require_once('/home/c/cm78278...')
#2 /home/c/cm78278/igor/public_html/index.php(17): require('/home/c/cm78278...')
#3 {main}
  thrown в /home/c/cm78278/igor/public_html/wp-content/themes/womazing/woocommerce/archive-product.php на строке 75

2023-04-27T06:46:08+00:00 CRITICAL Uncaught Error: Call to undefined method WC_Product_Simple::get_variation_regular_price() in /home/c/cm78278/igor/public_html/wp-content/themes/womazing/woocommerce/archive-product.php:71
Stack trace:
#0 /home/c/cm78278/igor/public_html/wp-includes/template-loader.php(106): include()
#1 /home/c/cm78278/igor/public_html/wp-blog-header.php(19): require_once('/home/c/cm78278...')
#2 /home/c/cm78278/igor/public_html/index.php(17): require('/home/c/cm78278...')
#3 {main}
  thrown в /home/c/cm78278/igor/public_html/wp-content/themes/womazing/woocommerce/archive-product.php на строке 71

2023-04-27T06:46:28+00:00 CRITICAL Uncaught Error: Call to undefined method WC_Product_Simple::get_variation_regular_price() in /home/c/cm78278/igor/public_html/wp-content/themes/womazing/woocommerce/archive-product.php:71
Stack trace:
#0 /home/c/cm78278/igor/public_html/wp-includes/template-loader.php(106): include()
#1 /home/c/cm78278/igor/public_html/wp-blog-header.php(19): require_once('/home/c/cm78278...')
#2 /home/c/cm78278/igor/public_html/index.php(17): require('/home/c/cm78278...')
#3 {main}
  thrown в /home/c/cm78278/igor/public_html/wp-content/themes/womazing/woocommerce/archive-product.php на строке 71

2023-04-27T07:14:17+00:00 CRITICAL Uncaught Error: Call to undefined method WC_Product_Simple::get_variation_regular_price() in /home/c/cm78278/igor/public_html/wp-content/themes/womazing/woocommerce/archive-product.php:71
Stack trace:
#0 /home/c/cm78278/igor/public_html/wp-includes/template-loader.php(106): include()
#1 /home/c/cm78278/igor/public_html/wp-blog-header.php(19): require_once('/home/c/cm78278...')
#2 /home/c/cm78278/igor/public_html/index.php(17): require('/home/c/cm78278...')
#3 {main}
  thrown в /home/c/cm78278/igor/public_html/wp-content/themes/womazing/woocommerce/archive-product.php на строке 71

2023-04-27T07:16:30+00:00 CRITICAL Uncaught Error: Call to undefined method WC_Product_Simple::get_variation_regular_price() in /home/c/cm78278/igor/public_html/wp-content/themes/womazing/woocommerce/archive-product.php:71
Stack trace:
#0 /home/c/cm78278/igor/public_html/wp-includes/template-loader.php(106): include()
#1 /home/c/cm78278/igor/public_html/wp-blog-header.php(19): require_once('/home/c/cm78278...')
#2 /home/c/cm78278/igor/public_html/index.php(17): require('/home/c/cm78278...')
#3 {main}
  thrown в /home/c/cm78278/igor/public_html/wp-content/themes/womazing/woocommerce/archive-product.php на строке 71

2023-04-27T07:18:44+00:00 CRITICAL Uncaught Error: Call to undefined method WC_Product_Simple::get_variation_regular_price() in /home/c/cm78278/igor/public_html/wp-content/themes/womazing/woocommerce/archive-product.php:71
Stack trace:
#0 /home/c/cm78278/igor/public_html/wp-includes/template-loader.php(106): include()
#1 /home/c/cm78278/igor/public_html/wp-blog-header.php(19): require_once('/home/c/cm78278...')
#2 /home/c/cm78278/igor/public_html/index.php(17): require('/home/c/cm78278...')
#3 {main}
  thrown в /home/c/cm78278/igor/public_html/wp-content/themes/womazing/woocommerce/archive-product.php на строке 71

2023-04-27T07:50:24+00:00 CRITICAL Uncaught Error: Call to a member function get_variation_regular_price() on null in /home/c/cm78278/igor/public_html/wp-content/themes/womazing/woocommerce/single-product/related.php:38
Stack trace:
#0 /home/c/cm78278/igor/public_html/wp-content/plugins/woocommerce/includes/wc-core-functions.php(345): include()
#1 /home/c/cm78278/igor/public_html/wp-content/plugins/woocommerce/includes/wc-template-functions.php(2072): wc_get_template('single-product/...', Array)
#2 /home/c/cm78278/igor/public_html/wp-content/plugins/woocommerce/includes/wc-template-functions.php(2035): woocommerce_related_products(Array)
#3 /home/c/cm78278/igor/public_html/wp-includes/class-wp-hook.php(308): woocommerce_output_related_products('')
#4 /home/c/cm78278/igor/public_html/wp-includes/class-wp-hook.php(332): WP_Hook->apply_filters('', Array)
#5 /home/c/cm78278/igor/public_html/wp-includes/plugin.php(517): WP_Hook->do_action(Array)
#6 /home/c/cm78278/igor/public_html/wp-content/themes/womazing/woocommerce/content-single-product.php(44 в /home/c/cm78278/igor/public_html/wp-content/themes/womazing/woocommerce/single-product/related.php на строке 38

