2023-04-10T06:16:40+00:00 CRITICAL Uncaught Error: Using $this when not in object context in /home/c/cm78278/igor/public_html/wp-content/themes/womazing/functions.php:209
Stack trace:
#0 /home/c/cm78278/igor/public_html/wp-settings.php(591): include()
#1 /home/c/cm78278/igor/public_html/wp-config.php(95): require_once('/home/c/cm78278...')
#2 /home/c/cm78278/igor/public_html/wp-load.php(50): require_once('/home/c/cm78278...')
#3 /home/c/cm78278/igor/public_html/wp-admin/admin-ajax.php(22): require_once('/home/c/cm78278...')
#4 {main}
  thrown в /home/c/cm78278/igor/public_html/wp-content/themes/womazing/functions.php на строке 209

2023-04-10T06:16:41+00:00 CRITICAL Uncaught Error: Using $this when not in object context in /home/c/cm78278/igor/public_html/wp-content/themes/womazing/functions.php:209
Stack trace:
#0 /home/c/cm78278/igor/public_html/wp-settings.php(591): include()
#1 /home/c/cm78278/igor/public_html/wp-config.php(95): require_once('/home/c/cm78278...')
#2 /home/c/cm78278/igor/public_html/wp-load.php(50): require_once('/home/c/cm78278...')
#3 /home/c/cm78278/igor/public_html/wp-blog-header.php(13): require_once('/home/c/cm78278...')
#4 /home/c/cm78278/igor/public_html/index.php(17): require('/home/c/cm78278...')
#5 {main}
  thrown в /home/c/cm78278/igor/public_html/wp-content/themes/womazing/functions.php на строке 209

2023-04-10T07:10:11+00:00 CRITICAL syntax error, unexpected 'class' (T_CLASS) в /home/c/cm78278/igor/public_html/wp-content/themes/womazing/functions.php на строке 256

2023-04-10T07:10:12+00:00 CRITICAL syntax error, unexpected 'class' (T_CLASS) в /home/c/cm78278/igor/public_html/wp-content/themes/womazing/functions.php на строке 256

2023-04-10T07:11:55+00:00 CRITICAL syntax error, unexpected 'class' (T_CLASS) в /home/c/cm78278/igor/public_html/wp-content/themes/womazing/functions.php на строке 256

2023-04-10T07:11:56+00:00 CRITICAL syntax error, unexpected 'class' (T_CLASS) в /home/c/cm78278/igor/public_html/wp-content/themes/womazing/functions.php на строке 256

2023-04-10T07:12:01+00:00 CRITICAL syntax error, unexpected 'class' (T_CLASS) в /home/c/cm78278/igor/public_html/wp-content/themes/womazing/functions.php на строке 256

2023-04-10T07:12:04+00:00 CRITICAL syntax error, unexpected 'class' (T_CLASS) в /home/c/cm78278/igor/public_html/wp-content/themes/womazing/functions.php на строке 256

2023-04-10T07:12:04+00:00 CRITICAL syntax error, unexpected 'class' (T_CLASS) в /home/c/cm78278/igor/public_html/wp-content/themes/womazing/functions.php на строке 256

2023-04-10T07:15:59+00:00 CRITICAL syntax error, unexpected 'class' (T_CLASS) в /home/c/cm78278/igor/public_html/wp-content/themes/womazing/wp_bootstrap_pagination.php на строке 60

2023-04-10T07:16:00+00:00 CRITICAL syntax error, unexpected 'class' (T_CLASS) в /home/c/cm78278/igor/public_html/wp-content/themes/womazing/wp_bootstrap_pagination.php на строке 60

2023-04-10T07:16:22+00:00 CRITICAL Uncaught Error: Call to undefined function wptuts_pagination() in /home/c/cm78278/igor/public_html/wp-content/themes/womazing/woocommerce/archive-product.php:50
Stack trace:
#0 /home/c/cm78278/igor/public_html/wp-includes/template-loader.php(106): include()
#1 /home/c/cm78278/igor/public_html/wp-blog-header.php(19): require_once('/home/c/cm78278...')
#2 /home/c/cm78278/igor/public_html/index.php(17): require('/home/c/cm78278...')
#3 {main}
  thrown в /home/c/cm78278/igor/public_html/wp-content/themes/womazing/woocommerce/archive-product.php на строке 50

2023-04-10T07:16:59+00:00 CRITICAL Uncaught Error: Call to undefined function wptuts_pagination() in /home/c/cm78278/igor/public_html/wp-content/themes/womazing/woocommerce/archive-product.php:50
Stack trace:
#0 /home/c/cm78278/igor/public_html/wp-includes/template-loader.php(106): include()
#1 /home/c/cm78278/igor/public_html/wp-blog-header.php(19): require_once('/home/c/cm78278...')
#2 /home/c/cm78278/igor/public_html/index.php(17): require('/home/c/cm78278...')
#3 {main}
  thrown в /home/c/cm78278/igor/public_html/wp-content/themes/womazing/woocommerce/archive-product.php на строке 50

2023-04-10T07:17:01+00:00 CRITICAL Uncaught Error: Call to undefined function wptuts_pagination() in /home/c/cm78278/igor/public_html/wp-content/themes/womazing/woocommerce/archive-product.php:50
Stack trace:
#0 /home/c/cm78278/igor/public_html/wp-includes/template-loader.php(106): include()
#1 /home/c/cm78278/igor/public_html/wp-blog-header.php(19): require_once('/home/c/cm78278...')
#2 /home/c/cm78278/igor/public_html/index.php(17): require('/home/c/cm78278...')
#3 {main}
  thrown в /home/c/cm78278/igor/public_html/wp-content/themes/womazing/woocommerce/archive-product.php на строке 50

2023-04-10T07:17:09+00:00 CRITICAL Uncaught Error: Call to undefined function wptuts_pagination() in /home/c/cm78278/igor/public_html/wp-content/themes/womazing/woocommerce/archive-product.php:50
Stack trace:
#0 /home/c/cm78278/igor/public_html/wp-includes/template-loader.php(106): include()
#1 /home/c/cm78278/igor/public_html/wp-blog-header.php(19): require_once('/home/c/cm78278...')
#2 /home/c/cm78278/igor/public_html/index.php(17): require('/home/c/cm78278...')
#3 {main}
  thrown в /home/c/cm78278/igor/public_html/wp-content/themes/womazing/woocommerce/archive-product.php на строке 50

2023-04-10T07:20:26+00:00 CRITICAL syntax error, unexpected 'class' (T_CLASS) в /home/c/cm78278/igor/public_html/wp-content/themes/womazing/wp_bootstrap_pagination.php на строке 60

2023-04-10T07:20:27+00:00 CRITICAL syntax error, unexpected 'class' (T_CLASS) в /home/c/cm78278/igor/public_html/wp-content/themes/womazing/wp_bootstrap_pagination.php на строке 60

2023-04-10T07:29:27+00:00 CRITICAL Uncaught Error: Call to undefined function wp_bootstrap_pagination() in /home/c/cm78278/igor/public_html/wp-content/themes/womazing/woocommerce/archive-product.php:50
Stack trace:
#0 /home/c/cm78278/igor/public_html/wp-includes/template-loader.php(106): include()
#1 /home/c/cm78278/igor/public_html/wp-blog-header.php(19): require_once('/home/c/cm78278...')
#2 /home/c/cm78278/igor/public_html/index.php(17): require('/home/c/cm78278...')
#3 {main}
  thrown в /home/c/cm78278/igor/public_html/wp-content/themes/womazing/woocommerce/archive-product.php на строке 50

2023-04-10T07:29:54+00:00 CRITICAL Uncaught Error: Call to a member function have_posts() on null in /home/c/cm78278/igor/public_html/wp-content/themes/womazing/woocommerce/archive-product.php:87
Stack trace:
#0 /home/c/cm78278/igor/public_html/wp-includes/template-loader.php(106): include()
#1 /home/c/cm78278/igor/public_html/wp-blog-header.php(19): require_once('/home/c/cm78278...')
#2 /home/c/cm78278/igor/public_html/index.php(17): require('/home/c/cm78278...')
#3 {main}
  thrown в /home/c/cm78278/igor/public_html/wp-content/themes/womazing/woocommerce/archive-product.php на строке 87

2023-04-10T12:34:44+00:00 CRITICAL syntax error, unexpected end of file в /home/c/cm78278/igor/public_html/wp-content/themes/womazing/woocommerce/archive-product.php на строке 145

2023-04-10T12:35:02+00:00 CRITICAL syntax error, unexpected end of file в /home/c/cm78278/igor/public_html/wp-content/themes/womazing/woocommerce/archive-product.php на строке 145

2023-04-10T12:35:26+00:00 CRITICAL syntax error, unexpected end of file в /home/c/cm78278/igor/public_html/wp-content/themes/womazing/woocommerce/archive-product.php на строке 145

2023-04-10T12:35:46+00:00 CRITICAL syntax error, unexpected end of file в /home/c/cm78278/igor/public_html/wp-content/themes/womazing/woocommerce/archive-product.php на строке 144

2023-04-10T12:36:04+00:00 CRITICAL syntax error, unexpected end of file в /home/c/cm78278/igor/public_html/wp-content/themes/womazing/woocommerce/archive-product.php на строке 144

2023-04-10T12:36:16+00:00 CRITICAL syntax error, unexpected end of file в /home/c/cm78278/igor/public_html/wp-content/themes/womazing/woocommerce/archive-product.php на строке 144

2023-04-10T12:36:18+00:00 CRITICAL syntax error, unexpected end of file в /home/c/cm78278/igor/public_html/wp-content/themes/womazing/woocommerce/archive-product.php на строке 144

2023-04-10T12:36:19+00:00 CRITICAL syntax error, unexpected end of file в /home/c/cm78278/igor/public_html/wp-content/themes/womazing/woocommerce/archive-product.php на строке 144

2023-04-10T12:51:20+00:00 CRITICAL require(): Failed opening required '/home/c/cm78278/igor/public_html/wp-content/themes/womazing/woocommerce/result-count-woo.php' (include_path='.:/opt/php74/share/pear') в /home/c/cm78278/igor/public_html/wp-content/themes/womazing/functions.php на строке 202

2023-04-10T12:51:55+00:00 CRITICAL require(): Failed opening required '/home/c/cm78278/igor/public_html/wp-content/themes/womazing/woocommerce/result-count-woo.php' (include_path='.:/opt/php74/share/pear') в /home/c/cm78278/igor/public_html/wp-content/themes/womazing/functions.php на строке 202

2023-04-10T12:51:56+00:00 CRITICAL require(): Failed opening required '/home/c/cm78278/igor/public_html/wp-content/themes/womazing/woocommerce/result-count-woo.php' (include_path='.:/opt/php74/share/pear') в /home/c/cm78278/igor/public_html/wp-content/themes/womazing/functions.php на строке 202

2023-04-10T12:52:06+00:00 CRITICAL require(): Failed opening required '/home/c/cm78278/igor/public_html/wp-content/themes/womazing/woocommerce/result-count-woo.php' (include_path='.:/opt/php74/share/pear') в /home/c/cm78278/igor/public_html/wp-content/themes/womazing/functions.php на строке 202

2023-04-10T12:52:07+00:00 CRITICAL require(): Failed opening required '/home/c/cm78278/igor/public_html/wp-content/themes/womazing/woocommerce/result-count-woo.php' (include_path='.:/opt/php74/share/pear') в /home/c/cm78278/igor/public_html/wp-content/themes/womazing/functions.php на строке 202

